Using pre-set license
Built from '2021.3/staging' branch; Version is '2021.3.1f1 (3b70a0754835) revision 3895456'; Using compiler version '192829333'; Build Type 'Release'
OS: 'Windows 11  (10.0.22631) 64bit CoreSingleLanguage' Language: 'en' Physical Memory: 12125 MB
BatchMode: 1, IsHumanControllingUs: 0, StartBugReporterOnCrash: 0, Is64bit: 1, IsPro: 1

COMMAND LINE ARGUMENTS:
D:\APK\Unity Hub\2021.3.1f1\Editor\Unity.exe
-adb2
-batchMode
-noUpm
-name
AssetImportWorker3
-projectPath
D:/APK/Edu_Trans
-logFile
Logs/AssetImportWorker3.log
-srvPort
49785
Successfully changed project path to: D:/APK/Edu_Trans
D:/APK/Edu_Trans
[UnityMemory] Configuration Parameters - Can be set up in boot.config
    "memorysetup-bucket-allocator-granularity=16"
    "memorysetup-bucket-allocator-bucket-count=8"
    "memorysetup-bucket-allocator-block-size=33554432"
    "memorysetup-bucket-allocator-block-count=8"
    "memorysetup-main-allocator-block-size=16777216"
    "memorysetup-thread-allocator-block-size=16777216"
    "memorysetup-gfx-main-allocator-block-size=16777216"
    "memorysetup-gfx-thread-allocator-block-size=16777216"
    "memorysetup-cache-allocator-block-size=4194304"
    "memorysetup-typetree-allocator-block-size=2097152"
    "memorysetup-profiler-bucket-allocator-granularity=16"
    "memorysetup-profiler-bucket-allocator-bucket-count=8"
    "memorysetup-profiler-bucket-allocator-block-size=33554432"
    "memorysetup-profiler-bucket-allocator-block-count=8"
    "memorysetup-profiler-allocator-block-size=16777216"
    "memorysetup-profiler-editor-allocator-block-size=1048576"
    "memorysetup-temp-allocator-size-main=16777216"
    "memorysetup-job-temp-allocator-block-size=2097152"
    "memorysetup-job-temp-allocator-block-size-background=1048576"
    "memorysetup-job-temp-allocator-reduction-small-platforms=262144"
    "memorysetup-temp-allocator-size-background-worker=32768"
    "memorysetup-temp-allocator-size-job-worker=262144"
    "memorysetup-temp-allocator-size-preload-manager=33554432"
    "memorysetup-temp-allocator-size-nav-mesh-worker=65536"
    "memorysetup-temp-allocator-size-audio-worker=65536"
    "memorysetup-temp-allocator-size-cloud-worker=32768"
    "memorysetup-temp-allocator-size-gi-baking-worker=262144"
    "memorysetup-temp-allocator-size-gfx=262144"
Refreshing native plugins compatible for Editor in 283.41 ms, found 6 plugins.
Preloading 2 native plugins for Editor in 6.05 ms.
Initialize engine version: 2021.3.1f1 (3b70a0754835)
[Subsystems] Discovering subsystems at path D:/APK/Unity Hub/2021.3.1f1/Editor/Data/Resources/UnitySubsystems
[Subsystems] Discovering subsystems at path D:/APK/Edu_Trans/Assets
GfxDevice: creating device client; threaded=0; jobified=0
Direct3D:
    Version:  Direct3D 11.0 [level 11.1]
    Renderer: Intel(R) UHD Graphics (ID=0x9b41)
    Vendor:   Intel
    VRAM:     6062 MB
    Driver:   30.0.100.9864
Initialize mono
Mono path[0] = 'D:/APK/Unity Hub/2021.3.1f1/Editor/Data/Managed'
Mono path[1] = 'D:/APK/Unity Hub/2021.3.1f1/Editor/Data/MonoBleedingEdge/lib/mono/unityjit-win32'
Mono config path = 'D:/APK/Unity Hub/2021.3.1f1/Editor/Data/MonoBleedingEdge/etc'
Using monoOptions --debugger-agent=transport=dt_socket,embedding=1,server=y,suspend=n,address=127.0.0.1:56244
Begin MonoManager ReloadAssembly
Registering precompiled unity dll's ...
Register platform support module: D:/APK/Unity Hub/2021.3.1f1/Editor/Data/PlaybackEngines/AndroidPlayer/UnityEditor.Android.Extensions.dll
Register platform support module: D:/APK/Unity Hub/2021.3.1f1/Editor/Data/PlaybackEngines/WindowsStandaloneSupport/UnityEditor.WindowsStandalone.Extensions.dll
Registered in 0.006077 seconds.
Native extension for WindowsStandalone target not found
Native extension for Android target not found
Refreshing native plugins compatible for Editor in 197.48 ms, found 6 plugins.
Preloading 2 native plugins for Editor in 0.09 ms.
Mono: successfully reloaded assembly
- Completed reload, in  1.937 seconds
Domain Reload Profiling:
	ReloadAssembly (1940ms)
		BeginReloadAssembly (200ms)
			ExecutionOrderSort (0ms)
			DisableScriptedObjects (0ms)
			BackupInstance (0ms)
			ReleaseScriptingObjects (0ms)
			CreateAndSetChildDomain (1ms)
		EndReloadAssembly (1463ms)
			LoadAssemblies (199ms)
			RebuildTransferFunctionScriptingTraits (1ms)
			SetupTypeCache (331ms)
			ReleaseScriptCaches (0ms)
			RebuildScriptCaches (104ms)
			SetupLoadedEditorAssemblies (881ms)
				LogAssemblyErrors (0ms)
				InitializePlatformSupportModulesInManaged (164ms)
				SetLoadedEditorAssemblies (1ms)
				RefreshPlugins (198ms)
				BeforeProcessingInitializeOnLoad (2ms)
				ProcessInitializeOnLoadAttributes (316ms)
				ProcessInitializeOnLoadMethodAttributes (199ms)
				AfterProcessingInitializeOnLoad (0ms)
				EditorAssembliesLoaded (1ms)
			ExecutionOrderSort2 (0ms)
			AwakeInstancesAfterBackupRestoration (0ms)
Platform modules already initialized, skipping
Registering precompiled user dll's ...
Registered in 0.063447 seconds.
Android Extension - Scanning For ADB Devices 6512 ms
Begin MonoManager ReloadAssembly
Native extension for WindowsStandalone target not found
Native extension for Android target not found
Refreshing native plugins compatible for Editor in 0.78 ms, found 6 plugins.
Preloading 2 native plugins for Editor in 0.07 ms.
Mono: successfully reloaded assembly
- Completed reload, in  8.580 seconds
Domain Reload Profiling:
	ReloadAssembly (8582ms)
		BeginReloadAssembly (124ms)
			ExecutionOrderSort (0ms)
			DisableScriptedObjects (9ms)
			BackupInstance (0ms)
			ReleaseScriptingObjects (0ms)
			CreateAndSetChildDomain (23ms)
		EndReloadAssembly (8167ms)
			LoadAssemblies (4758ms)
			RebuildTransferFunctionScriptingTraits (0ms)
			SetupTypeCache (1290ms)
			ReleaseScriptCaches (1ms)
			RebuildScriptCaches (64ms)
			SetupLoadedEditorAssemblies (2009ms)
				LogAssemblyErrors (0ms)
				InitializePlatformSupportModulesInManaged (15ms)
				SetLoadedEditorAssemblies (1ms)
				RefreshPlugins (1ms)
				BeforeProcessingInitializeOnLoad (85ms)
				ProcessInitializeOnLoadAttributes (418ms)
				ProcessInitializeOnLoadMethodAttributes (1487ms)
				AfterProcessingInitializeOnLoad (2ms)
				EditorAssembliesLoaded (0ms)
			ExecutionOrderSort2 (0ms)
			AwakeInstancesAfterBackupRestoration (6ms)
Platform modules already initialized, skipping
========================================================================
Worker process is ready to serve import requests
Launched and connected shader compiler UnityShaderCompiler.exe after 0.10 seconds
Refreshing native plugins compatible for Editor in 0.75 ms, found 6 plugins.
Preloading 2 native plugins for Editor in 0.07 ms.
Unloading 3306 Unused Serialized files (Serialized files now loaded: 0)
Unloading 47 unused Assets / (98.7 KB). Loaded Objects now: 4068.
Memory consumption went from 123.9 MB to 123.8 MB.
Total: 3.465200 ms (FindLiveObjects: 0.317800 ms CreateObjectMapping: 0.231500 ms MarkObjects: 2.813400 ms  DeleteObjects: 0.101400 ms)

AssetImportParameters requested are different than current active one (requested -> active):
  custom:video-decoder-ogg-theora: a1e56fd34408186e4bbccfd4996cb3dc -> 
  custom:container-muxer-webm: aa71ff27fc2769a1b78a27578f13a17b -> 
  custom:container-demuxer-webm: 4f35f7cbe854078d1ac9338744f61a02 -> 
  custom:video-encoder-webm-vp8: eb34c28f22e8b96e1ab97ce403110664 -> 
  custom:audio-encoder-webm-vorbis: bf7c407c2cedff20999df2af8eb42d56 -> 
  custom:framework-win-MediaFoundation: 216162199b28c13a410421893ffa2e32 -> 
  custom:container-demuxer-ogg: 62fdf1f143b41e24485cea50d1cbac27 -> 
  custom:video-decoder-webm-vp8: 9c59270c3fd7afecdb556c50c9e8de78 -> 
  custom:audio-decoder-ogg-vorbis: bf7c407c2cedff20999df2af8eb42d56 -> 
========================================================================
Received Import Request.
  Time since last request: 11272.342278 seconds.
  path: Assets/fog-horn-2-183968.mp3
  artifactKey: Guid(4d7772be44e780c4d889dc0bbdb0162f) Importer(815301076,1909f56bfc062723c751e8b465ee728b)
Start importing Assets/fog-horn-2-183968.mp3 using Guid(4d7772be44e780c4d889dc0bbdb0162f) Importer(815301076,1909f56bfc062723c751e8b465ee728b)  -> (artifact id: '781f4bdba86e25097c995de19a99453b') in 0.240906 seconds 
========================================================================
Received Import Request.
  Time since last request: 0.000020 seconds.
  path: Assets/motorcycle-sound-effects-sfx-179535.mp3
  artifactKey: Guid(28519bace71f40645a5ec09b19b8c1f4) Importer(815301076,1909f56bfc062723c751e8b465ee728b)
Start importing Assets/motorcycle-sound-effects-sfx-179535.mp3 using Guid(28519bace71f40645a5ec09b19b8c1f4) Importer(815301076,1909f56bfc062723c751e8b465ee728b)  -> (artifact id: '36e0511380fb9c596fc70df4211edd7a') in 0.016163 seconds 
========================================================================
Received Import Request.
  Time since last request: 0.000028 seconds.
  path: Assets/sounds-of-nuerburgring-engines-of-classic-race-cars-234929.mp3
  artifactKey: Guid(e879fc7164d9957408afdc47ea5e5345) Importer(815301076,1909f56bfc062723c751e8b465ee728b)
Start importing Assets/sounds-of-nuerburgring-engines-of-classic-race-cars-234929.mp3 using Guid(e879fc7164d9957408afdc47ea5e5345) Importer(815301076,1909f56bfc062723c751e8b465ee728b)  -> (artifact id: '356010df496b4f100d7da11d6beb0072') in 0.020117 seconds 
========================================================================
Received Import Request.
  Time since last request: 0.000021 seconds.
  path: Assets/big-plane-sound-effect-247601 (mp3cut.net).mp3
  artifactKey: Guid(5f56564339f9e7046afe1464ceee1e32) Importer(815301076,1909f56bfc062723c751e8b465ee728b)
Start importing Assets/big-plane-sound-effect-247601 (mp3cut.net).mp3 using Guid(5f56564339f9e7046afe1464ceee1e32) Importer(815301076,1909f56bfc062723c751e8b465ee728b)  -> (artifact id: '5a2f63019ff2530af99bf64ffed6102c') in 0.021234 seconds 
========================================================================
Received Import Request.
  Time since last request: 0.000020 seconds.
  path: Assets/car-drive-by-268509.mp3
  artifactKey: Guid(c7367b7e0b36fb840bba73caa8b0e432) Importer(815301076,1909f56bfc062723c751e8b465ee728b)
Start importing Assets/car-drive-by-268509.mp3 using Guid(c7367b7e0b36fb840bba73caa8b0e432) Importer(815301076,1909f56bfc062723c751e8b465ee728b)  -> (artifact id: 'fde21c8ceb1ffacb0bbdfc5824b1d065') in 0.019983 seconds 
========================================================================
Received Import Request.
  Time since last request: 0.000031 seconds.
  path: Assets/bellding-254774.mp3
  artifactKey: Guid(329aa8a7c92253046982a9816a149a6f) Importer(815301076,1909f56bfc062723c751e8b465ee728b)
Start importing Assets/bellding-254774.mp3 using Guid(329aa8a7c92253046982a9816a149a6f) Importer(815301076,1909f56bfc062723c751e8b465ee728b)  -> (artifact id: 'befcb81c95a8077fcdf871388fb300df') in 0.074733 seconds 
========================================================================
Received Import Request.
  Time since last request: 0.000030 seconds.
  path: Assets/a7ba8147e0db4f1786322a2f4bb078c2.fbx.fbx
  artifactKey: Guid(792e7f3a620b3aa47873d8f0d044743d) Importer(815301076,1909f56bfc062723c751e8b465ee728b)
Start importing Assets/a7ba8147e0db4f1786322a2f4bb078c2.fbx.fbx using Guid(792e7f3a620b3aa47873d8f0d044743d) Importer(815301076,1909f56bfc062723c751e8b465ee728b)  -> (artifact id: 'd46c79253a7aa75841efd5caf9ab2e2d') in 0.173905 seconds 
========================================================================
Received Import Request.
  Time since last request: 0.000023 seconds.
  path: Assets/bike-bell-173588.mp3
  artifactKey: Guid(f52ecbd3342c447479ac1f8366aadb9e) Importer(815301076,1909f56bfc062723c751e8b465ee728b)
Start importing Assets/bike-bell-173588.mp3 using Guid(f52ecbd3342c447479ac1f8366aadb9e) Importer(815301076,1909f56bfc062723c751e8b465ee728b)  -> (artifact id: '7b24c40e2cbc865cbc78967f0b4ab99d') in 0.021193 seconds 
